
----------------------------------
Using stored unhandled routes!.
   To discover new routes in the angular app use "npm run scully -- --scanRoutes"
----------------------------------
 The router plugin "contentFolder has thrown the below error,
              while trying to render route "unknown"
              Scully will exitYAMLException: end of the stream or a document separator is expected at line 3, column 28:
    authors: ['Jomer Gallardo'],
                               ^

 The router plugin "contentFolder has thrown the below error,
              while trying to render route "unknown"
              Scully will exitYAMLException: end of the stream or a document separator is expected at line 3, column 28:
    authors: ['Jomer Gallardo'],
                               ^

 The router plugin "contentFolder has thrown the below error,
              while trying to render route "unknown"
              Scully will exitYAMLException: end of the stream or a document separator is expected at line 3, column 28:
    authors: ['Jomer Gallardo'],
                               ^

Received Kill command
Received Kill command
